<?xml version="1.0" encoding="UTF-8"?>
<!-- Generated by org.testng.reporters.JUnitReportReporter -->
<testsuite hostname="LAPTOP-OJQTIBJS" failures="0" tests="2" name="newpck.Prct" time="0.010" errors="0" timestamp="2024-10-22T03:24:31 IST" skipped="0">
  <testcase classname="newpck.Prct" name="testRun" time="0.001"/>
  <system-out/>
  <testcase classname="newpck.Prct" name="test" time="0.009"/>
  <system-out/>
</testsuite> <!-- newpck.Prct -->
