<?xml version="1.0" encoding="UTF-8"?>
<!-- Generated by org.testng.reporters.JUnitReportReporter -->
<testsuite hostname="LAPTOP-OJQTIBJS" failures="0" tests="1" name="day1" time="0.005" errors="0" timestamp="2024-10-21T18:57:06 IST" skipped="0">
  <testcase classname="day1" name="tst" time="0.005"/>
  <system-out/>
</testsuite> <!-- day1 -->
