<?xml version="1.0" encoding="UTF-8"?>
<!-- Generated by org.testng.reporters.JUnitReportReporter -->
<testsuite hostname="LAPTOP-OJQTIBJS" failures="0" tests="1" name="day2" time="0.001" errors="0" timestamp="2024-10-21T18:57:06 IST" skipped="0">
  <testcase classname="day2" name="aFastTest" time="0.001"/>
  <system-out/>
</testsuite> <!-- day2 -->
