<?xml version="1.0" encoding="UTF-8"?>
<!-- Generated by org.testng.reporters.JUnitReportReporter -->
<testsuite hostname="LAPTOP-OJQTIBJS" failures="0" tests="4" name="MobileTest" time="0.011" errors="0" timestamp="2024-10-21T18:57:06 IST" skipped="0">
  <testcase classname="MobileTest" name="animals" time="0.003"/>
  <system-out/>
  <testcase classname="MobileTest" name="animals" time="0.003"/>
  <system-out/>
  <testcase classname="MobileTest" name="animals" time="0.003"/>
  <system-out/>
  <testcase classname="MobileTest" name="mob" time="0.002"/>
  <system-out/>
</testsuite> <!-- MobileTest -->
